<?xml version="1.0" encoding="UTF-8"?>
<!-- Generated by org.testng.reporters.JUnitReportReporter -->
<testsuite skipped="0" hostname="3f65ce15c074" name="com.automationpractice.signuptests.NegativeLogInTests" tests="5" failures="0" timestamp="10 Nov 2020 22:48:58 GMT" time="52.290" errors="0">
  <testcase name="negativeLogInTest" time="8.590" classname="com.automationpractice.signuptests.NegativeLogInTests"/>
  <testcase name="negativeLogInTest" time="11.575" classname="com.automationpractice.signuptests.NegativeLogInTests"/>
  <testcase name="negativeLogInTest" time="10.535" classname="com.automationpractice.signuptests.NegativeLogInTests"/>
  <testcase name="negativeLogInTest" time="8.263" classname="com.automationpractice.signuptests.NegativeLogInTests"/>
  <testcase name="negativeLogInTest" time="13.327" classname="com.automationpractice.signuptests.NegativeLogInTests"/>
</testsuite> <!-- com.automationpractice.signuptests.NegativeLogInTests -->
