<?xml version="1.0" encoding="UTF-8"?>
<!-- Generated by org.testng.reporters.JUnitReportReporter -->
<testsuite skipped="0" hostname="3f65ce15c074" name="com.automationpractice.signuptests.ValidateItemsFromShoppingCartTest" tests="7" failures="0" timestamp="10 Nov 2020 22:48:58 GMT" time="111.916" errors="0">
  <testcase name="validateItemsFromShoppingCartTest" time="17.519" classname="com.automationpractice.signuptests.ValidateItemsFromShoppingCartTest"/>
  <testcase name="validateItemsFromShoppingCartTest" time="15.427" classname="com.automationpractice.signuptests.ValidateItemsFromShoppingCartTest"/>
  <testcase name="validateItemsFromShoppingCartTest" time="15.864" classname="com.automationpractice.signuptests.ValidateItemsFromShoppingCartTest"/>
  <testcase name="validateItemsFromShoppingCartTest" time="14.399" classname="com.automationpractice.signuptests.ValidateItemsFromShoppingCartTest"/>
  <testcase name="validateItemsFromShoppingCartTest" time="16.956" classname="com.automationpractice.signuptests.ValidateItemsFromShoppingCartTest"/>
  <testcase name="validateItemsFromShoppingCartTest" time="16.634" classname="com.automationpractice.signuptests.ValidateItemsFromShoppingCartTest"/>
  <testcase name="validateItemsFromShoppingCartTest" time="15.117" classname="com.automationpractice.signuptests.ValidateItemsFromShoppingCartTest"/>
</testsuite> <!-- com.automationpractice.signuptests.ValidateItemsFromShoppingCartTest -->
