<?xml version="1.0" encoding="UTF-8"?>
<!-- Generated by org.testng.reporters.JUnitReportReporter -->
<testsuite skipped="0" hostname="3f65ce15c074" name="com.automationpractice.signuptests.SignUpTests" tests="1" failures="0" timestamp="10 Nov 2020 22:48:58 GMT" time="12.277" errors="0">
  <testcase name="sighUp" time="12.277" classname="com.automationpractice.signuptests.SignUpTests"/>
</testsuite> <!-- com.automationpractice.signuptests.SignUpTests -->
